Determining if the pthread_create exist failed with the following output:
Change Dir: /home/runqiu/Desktop/openvslam/CMakeFiles/CMakeTmp

Run Build Command(s):/usr/bin/make cmTC_0e4cd/fast 
/usr/bin/make -f CMakeFiles/cmTC_0e4cd.dir/build.make CMakeFiles/cmTC_0e4cd.dir/build
make[1]: Entering directory '/home/runqiu/Desktop/openvslam/CMakeFiles/CMakeTmp'
Building C object CMakeFiles/cmTC_0e4cd.dir/CheckSymbolExists.c.o
/usr/bin/cc   -Wall -Wextra -mtune=native -march=native    -o CMakeFiles/cmTC_0e4cd.dir/CheckSymbolExists.c.o   -c /home/runqiu/Desktop/openvslam/CMakeFiles/CMakeTmp/CheckSymbolExists.c
Linking C executable cmTC_0e4cd
/usr/local/bin/cmake -E cmake_link_script CMakeFiles/cmTC_0e4cd.dir/link.txt --verbose=1
/usr/bin/cc  -Wall -Wextra -mtune=native -march=native     -rdynamic CMakeFiles/cmTC_0e4cd.dir/CheckSymbolExists.c.o  -o cmTC_0e4cd 
CMakeFiles/cmTC_0e4cd.dir/CheckSymbolExists.c.o: In function `main':
CheckSymbolExists.c:(.text+0x16): undefined reference to `pthread_create'
collect2: error: ld returned 1 exit status
CMakeFiles/cmTC_0e4cd.dir/build.make:86: recipe for target 'cmTC_0e4cd' failed
make[1]: *** [cmTC_0e4cd] Error 1
make[1]: Leaving directory '/home/runqiu/Desktop/openvslam/CMakeFiles/CMakeTmp'
Makefile:121: recipe for target 'cmTC_0e4cd/fast' failed
make: *** [cmTC_0e4cd/fast] Error 2

File /home/runqiu/Desktop/openvslam/CMakeFiles/CMakeTmp/CheckSymbolExists.c:
/* */
#include <pthread.h>

int main(int argc, char** argv)
{
  (void)argv;
#ifndef pthread_create
  return ((int*)(&pthread_create))[argc];
#else
  (void)argc;
  return 0;
#endif
}

Determining if the function pthread_create exists in the pthreads failed with the following output:
Change Dir: /home/runqiu/Desktop/openvslam/CMakeFiles/CMakeTmp

Run Build Command(s):/usr/bin/make cmTC_1f926/fast 
/usr/bin/make -f CMakeFiles/cmTC_1f926.dir/build.make CMakeFiles/cmTC_1f926.dir/build
make[1]: Entering directory '/home/runqiu/Desktop/openvslam/CMakeFiles/CMakeTmp'
Building C object CMakeFiles/cmTC_1f926.dir/CheckFunctionExists.c.o
/usr/bin/cc   -Wall -Wextra -mtune=native -march=native -DCHECK_FUNCTION_EXISTS=pthread_create   -o CMakeFiles/cmTC_1f926.dir/CheckFunctionExists.c.o   -c /usr/local/share/cmake-3.14/Modules/CheckFunctionExists.c
Linking C executable cmTC_1f926
/usr/local/bin/cmake -E cmake_link_script CMakeFiles/cmTC_1f926.dir/link.txt --verbose=1
/usr/bin/cc  -Wall -Wextra -mtune=native -march=native -DCHECK_FUNCTION_EXISTS=pthread_create    -rdynamic CMakeFiles/cmTC_1f926.dir/CheckFunctionExists.c.o  -o cmTC_1f926 -lpthreads 
/usr/bin/ld: cannot find -lpthreads
collect2: error: ld returned 1 exit status
CMakeFiles/cmTC_1f926.dir/build.make:86: recipe for target 'cmTC_1f926' failed
make[1]: *** [cmTC_1f926] Error 1
make[1]: Leaving directory '/home/runqiu/Desktop/openvslam/CMakeFiles/CMakeTmp'
Makefile:121: recipe for target 'cmTC_1f926/fast' failed
make: *** [cmTC_1f926/fast] Error 2


Determining if the function sgemm_ exists failed with the following output:
Change Dir: /home/runqiu/Desktop/openvslam/CMakeFiles/CMakeTmp

Run Build Command(s):/usr/bin/make cmTC_e9145/fast 
/usr/bin/make -f CMakeFiles/cmTC_e9145.dir/build.make CMakeFiles/cmTC_e9145.dir/build
make[1]: Entering directory '/home/runqiu/Desktop/openvslam/CMakeFiles/CMakeTmp'
Building C object CMakeFiles/cmTC_e9145.dir/CheckFunctionExists.c.o
/usr/bin/cc   -Wall -Wextra -mtune=native -march=native -fopenmp -DCHECK_FUNCTION_EXISTS=sgemm_   -o CMakeFiles/cmTC_e9145.dir/CheckFunctionExists.c.o   -c /usr/local/share/cmake-3.14/Modules/CheckFunctionExists.c
Linking C executable cmTC_e9145
/usr/local/bin/cmake -E cmake_link_script CMakeFiles/cmTC_e9145.dir/link.txt --verbose=1
/usr/bin/cc  -Wall -Wextra -mtune=native -march=native -fopenmp -DCHECK_FUNCTION_EXISTS=sgemm_    -rdynamic CMakeFiles/cmTC_e9145.dir/CheckFunctionExists.c.o  -o cmTC_e9145 
CMakeFiles/cmTC_e9145.dir/CheckFunctionExists.c.o: In function `main':
CheckFunctionExists.c:(.text+0x10): undefined reference to `sgemm_'
collect2: error: ld returned 1 exit status
CMakeFiles/cmTC_e9145.dir/build.make:86: recipe for target 'cmTC_e9145' failed
make[1]: *** [cmTC_e9145] Error 1
make[1]: Leaving directory '/home/runqiu/Desktop/openvslam/CMakeFiles/CMakeTmp'
Makefile:121: recipe for target 'cmTC_e9145/fast' failed
make: *** [cmTC_e9145/fast] Error 2


